<?xml version="1.0" encoding="UTF-8"?>
<testsuite name="petPeople.pet.domain.meeting.repository.MeetingCustomRepositoryImplTest" tests="1" skipped="0" failures="1" errors="0" timestamp="2022-06-26T07:51:48" hostname="DESKTOP-F55RK1N" time="0.0">
  <properties/>
  <testcase name="findAllSlicingByMeetingMemberTest()" classname="petPeople.pet.domain.meeting.repository.MeetingCustomRepositoryImplTest" time="0.0">
    <failure message="java.lang.IllegalStateException: Failed to load ApplicationContext" type="java.lang.IllegalStateException">java.lang.IllegalStateException: Failed to load ApplicationContext
	at org.springframework.test.context.cache.DefaultCacheAwareContextLoaderDelegate.loadContext(DefaultCacheAwareContextLoaderDelegate.java:132)
	at org.springframework.test.context.support.DefaultTestContext.getApplicationContext(DefaultTestContext.java:124)
	at org.springframework.test.context.web.ServletTestExecutionListener.setUpRequestContextIfNecessary(ServletTestExecutionListener.java:190)
	at org.springframework.test.context.web.ServletTestExecutionListener.prepareTestInstance(ServletTestExecutionListener.java:132)
	at org.springframework.test.context.TestContextManager.prepareTestInstance(TestContextManager.java:248)
	at org.springframework.test.context.junit.jupiter.SpringExtension.postProcessTestInstance(SpringExtension.java:138)
	at org.junit.jupiter.engine.descriptor.ClassBasedTestDescriptor.lambda$invokeTestInstancePostProcessors$8(ClassBasedTestDescriptor.java:363)
	at org.junit.jupiter.engine.descriptor.ClassBasedTestDescriptor.executeAndMaskThrowable(ClassBasedTestDescriptor.java:368)
	at org.junit.jupiter.engine.descriptor.ClassBasedTestDescriptor.lambda$invokeTestInstancePostProcessors$9(ClassBasedTestDescriptor.java:363)
	at java.base/java.util.stream.ReferencePipeline$3$1.accept(ReferencePipeline.java:195)
	at java.base/java.util.stream.ReferencePipeline$2$1.accept(ReferencePipeline.java:177)
	at java.base/java.util.ArrayList$ArrayListSpliterator.forEachRemaining(ArrayList.java:1655)
	at java.base/java.util.stream.AbstractPipeline.copyInto(AbstractPipeline.java:484)
	at java.base/java.util.stream.AbstractPipeline.wrapAndCopyInto(AbstractPipeline.java:474)
	at java.base/java.util.stream.StreamSpliterators$WrappingSpliterator.forEachRemaining(StreamSpliterators.java:312)
	at java.base/java.util.stream.Streams$ConcatSpliterator.forEachRemaining(Streams.java:735)
	at java.base/java.util.stream.Streams$ConcatSpliterator.forEachRemaining(Streams.java:734)
	at java.base/java.util.stream.ReferencePipeline$Head.forEach(ReferencePipeline.java:658)
	at org.junit.jupiter.engine.descriptor.ClassBasedTestDescriptor.invokeTestInstancePostProcessors(ClassBasedTestDescriptor.java:362)
	at org.junit.jupiter.engine.descriptor.ClassBasedTestDescriptor.lambda$instantiateAndPostProcessTestInstance$6(ClassBasedTestDescriptor.java:283)
	at org.junit.platform.engine.support.hierarchical.ThrowableCollector.execute(ThrowableCollector.java:73)
	at org.junit.jupiter.engine.descriptor.ClassBasedTestDescriptor.instantiateAndPostProcessTestInstance(ClassBasedTestDescriptor.java:282)
	at org.junit.jupiter.engine.descriptor.ClassBasedTestDescriptor.lambda$testInstancesProvider$4(ClassBasedTestDescriptor.java:272)
	at java.base/java.util.Optional.orElseGet(Optional.java:369)
	at org.junit.jupiter.engine.descriptor.ClassBasedTestDescriptor.lambda$testInstancesProvider$5(ClassBasedTestDescriptor.java:271)
	at org.junit.jupiter.engine.execution.TestInstancesProvider.getTestInstances(TestInstancesProvider.java:31)
	at org.junit.jupiter.engine.descriptor.TestMethodTestDescriptor.lambda$prepare$0(TestMethodTestDescriptor.java:102)
	at org.junit.platform.engine.support.hierarchical.ThrowableCollector.execute(ThrowableCollector.java:73)
	at org.junit.jupiter.engine.descriptor.TestMethodTestDescriptor.prepare(TestMethodTestDescriptor.java:101)
	at org.junit.jupiter.engine.descriptor.TestMethodTestDescriptor.prepare(TestMethodTestDescriptor.java:66)
	at org.junit.platform.engine.support.hierarchical.NodeTestTask.lambda$prepare$2(NodeTestTask.java:123)
	at org.junit.platform.engine.support.hierarchical.ThrowableCollector.execute(ThrowableCollector.java:73)
	at org.junit.platform.engine.support.hierarchical.NodeTestTask.prepare(NodeTestTask.java:123)
	at org.junit.platform.engine.support.hierarchical.NodeTestTask.execute(NodeTestTask.java:90)
	at java.base/java.util.ArrayList.forEach(ArrayList.java:1541)
	at org.junit.platform.engine.support.hierarchical.SameThreadHierarchicalTestExecutorService.invokeAll(SameThreadHierarchicalTestExecutorService.java:41)
	at org.junit.platform.engine.support.hierarchical.NodeTestTask.lambda$executeRecursively$6(NodeTestTask.java:155)
	at org.junit.platform.engine.support.hierarchical.ThrowableCollector.execute(ThrowableCollector.java:73)
	at org.junit.platform.engine.support.hierarchical.NodeTestTask.lambda$executeRecursively$8(NodeTestTask.java:141)
	at org.junit.platform.engine.support.hierarchical.Node.around(Node.java:137)
	at org.junit.platform.engine.support.hierarchical.NodeTestTask.lambda$executeRecursively$9(NodeTestTask.java:139)
	at org.junit.platform.engine.support.hierarchical.ThrowableCollector.execute(ThrowableCollector.java:73)
	at org.junit.platform.engine.support.hierarchical.NodeTestTask.executeRecursively(NodeTestTask.java:138)
	at org.junit.platform.engine.support.hierarchical.NodeTestTask.execute(NodeTestTask.java:95)
	at java.base/java.util.ArrayList.forEach(ArrayList.java:1541)
	at org.junit.platform.engine.support.hierarchical.SameThreadHierarchicalTestExecutorService.invokeAll(SameThreadHierarchicalTestExecutorService.java:41)
	at org.junit.platform.engine.support.hierarchical.NodeTestTask.lambda$executeRecursively$6(NodeTestTask.java:155)
	at org.junit.platform.engine.support.hierarchical.ThrowableCollector.execute(ThrowableCollector.java:73)
	at org.junit.platform.engine.support.hierarchical.NodeTestTask.lambda$executeRecursively$8(NodeTestTask.java:141)
	at org.junit.platform.engine.support.hierarchical.Node.around(Node.java:137)
	at org.junit.platform.engine.support.hierarchical.NodeTestTask.lambda$executeRecursively$9(NodeTestTask.java:139)
	at org.junit.platform.engine.support.hierarchical.ThrowableCollector.execute(ThrowableCollector.java:73)
	at org.junit.platform.engine.support.hierarchical.NodeTestTask.executeRecursively(NodeTestTask.java:138)
	at org.junit.platform.engine.support.hierarchical.NodeTestTask.execute(NodeTestTask.java:95)
	at org.junit.platform.engine.support.hierarchical.SameThreadHierarchicalTestExecutorService.submit(SameThreadHierarchicalTestExecutorService.java:35)
	at org.junit.platform.engine.support.hierarchical.HierarchicalTestExecutor.execute(HierarchicalTestExecutor.java:57)
	at org.junit.platform.engine.support.hierarchical.HierarchicalTestEngine.execute(HierarchicalTestEngine.java:54)
	at org.junit.platform.launcher.core.EngineExecutionOrchestrator.execute(EngineExecutionOrchestrator.java:108)
	at org.junit.platform.launcher.core.EngineExecutionOrchestrator.execute(EngineExecutionOrchestrator.java:88)
	at org.junit.platform.launcher.core.EngineExecutionOrchestrator.lambda$execute$0(EngineExecutionOrchestrator.java:54)
	at org.junit.platform.launcher.core.EngineExecutionOrchestrator.withInterceptedStreams(EngineExecutionOrchestrator.java:67)
	at org.junit.platform.launcher.core.EngineExecutionOrchestrator.execute(EngineExecutionOrchestrator.java:52)
	at org.junit.platform.launcher.core.DefaultLauncher.execute(DefaultLauncher.java:96)
	at org.junit.platform.launcher.core.DefaultLauncher.execute(DefaultLauncher.java:75)
	at org.gradle.api.internal.tasks.testing.junitplatform.JUnitPlatformTestClassProcessor$CollectAllTestClassesExecutor.processAllTestClasses(JUnitPlatformTestClassProcessor.java:99)
	at org.gradle.api.internal.tasks.testing.junitplatform.JUnitPlatformTestClassProcessor$CollectAllTestClassesExecutor.access$000(JUnitPlatformTestClassProcessor.java:79)
	at org.gradle.api.internal.tasks.testing.junitplatform.JUnitPlatformTestClassProcessor.stop(JUnitPlatformTestClassProcessor.java:75)
	at org.gradle.api.internal.tasks.testing.SuiteTestClassProcessor.stop(SuiteTestClassProcessor.java:61)
	at java.base/jdk.internal.reflect.NativeMethodAccessorImpl.invoke0(Native Method)
	at java.base/jdk.internal.reflect.NativeMethodAccessorImpl.invoke(NativeMethodAccessorImpl.java:62)
	at java.base/jdk.internal.reflect.DelegatingMethodAccessorImpl.invoke(DelegatingMethodAccessorImpl.java:43)
	at java.base/java.lang.reflect.Method.invoke(Method.java:566)
	at org.gradle.internal.dispatch.ReflectionDispatch.dispatch(ReflectionDispatch.java:36)
	at org.gradle.internal.dispatch.ReflectionDispatch.dispatch(ReflectionDispatch.java:24)
	at org.gradle.internal.dispatch.ContextClassLoaderDispatch.dispatch(ContextClassLoaderDispatch.java:33)
	at org.gradle.internal.dispatch.ProxyDispatchAdapter$DispatchingInvocationHandler.invoke(ProxyDispatchAdapter.java:94)
	at com.sun.proxy.$Proxy2.stop(Unknown Source)
	at org.gradle.api.internal.tasks.testing.worker.TestWorker$3.run(TestWorker.java:193)
	at org.gradle.api.internal.tasks.testing.worker.TestWorker.executeAndMaintainThreadName(TestWorker.java:129)
	at org.gradle.api.internal.tasks.testing.worker.TestWorker.execute(TestWorker.java:100)
	at org.gradle.api.internal.tasks.testing.worker.TestWorker.execute(TestWorker.java:60)
	at org.gradle.process.internal.worker.child.ActionExecutionWorker.execute(ActionExecutionWorker.java:56)
	at org.gradle.process.internal.worker.child.SystemApplicationClassLoaderWorker.call(SystemApplicationClassLoaderWorker.java:133)
	at org.gradle.process.internal.worker.child.SystemApplicationClassLoaderWorker.call(SystemApplicationClassLoaderWorker.java:71)
	at worker.org.gradle.process.internal.worker.GradleWorkerMain.run(GradleWorkerMain.java:69)
	at worker.org.gradle.process.internal.worker.GradleWorkerMain.main(GradleWorkerMain.java:74)
Caused by: org.springframework.beans.factory.UnsatisfiedDependencyException: Error creating bean with name 'securityConfig' defined in file [D:\springStudy\pet\build\classes\java\main\petPeople\pet\config\SecurityConfig.class]: Unsatisfied dependency expressed through constructor parameter 0; nested exception is org.springframework.beans.factory.NoSuchBeanDefinitionException: No qualifying bean of type 'petPeople.pet.config.auth.AuthFilterContainer' available: expected at least 1 bean which qualifies as autowire candidate. Dependency annotations: {}
	at app//org.springframework.beans.factory.support.ConstructorResolver.createArgumentArray(ConstructorResolver.java:800)
	at app//org.springframework.beans.factory.support.ConstructorResolver.autowireConstructor(ConstructorResolver.java:229)
	at app//org.springframework.beans.factory.support.AbstractAutowireCapableBeanFactory.autowireConstructor(AbstractAutowireCapableBeanFactory.java:1372)
	at app//org.springframework.beans.factory.support.AbstractAutowireCapableBeanFactory.createBeanInstance(AbstractAutowireCapableBeanFactory.java:1222)
	at app//org.springframework.beans.factory.support.AbstractAutowireCapableBeanFactory.doCreateBean(AbstractAutowireCapableBeanFactory.java:582)
	at app//org.springframework.beans.factory.support.AbstractAutowireCapableBeanFactory.createBean(AbstractAutowireCapableBeanFactory.java:542)
	at app//org.springframework.beans.factory.support.AbstractBeanFactory.lambda$doGetBean$0(AbstractBeanFactory.java:335)
	at app//org.springframework.beans.factory.support.DefaultSingletonBeanRegistry.getSingleton(DefaultSingletonBeanRegistry.java:234)
	at app//org.springframework.beans.factory.support.AbstractBeanFactory.doGetBean(AbstractBeanFactory.java:333)
	at app//org.springframework.beans.factory.support.AbstractBeanFactory.getBean(AbstractBeanFactory.java:208)
	at app//org.springframework.beans.factory.support.DefaultListableBeanFactory.preInstantiateSingletons(DefaultListableBeanFactory.java:953)
	at app//org.springframework.context.support.AbstractApplicationContext.finishBeanFactoryInitialization(AbstractApplicationContext.java:918)
	at app//org.springframework.context.support.AbstractApplicationContext.refresh(AbstractApplicationContext.java:583)
	at app//org.springframework.boot.SpringApplication.refresh(SpringApplication.java:740)
	at app//org.springframework.boot.SpringApplication.refreshContext(SpringApplication.java:415)
	at app//org.springframework.boot.SpringApplication.run(SpringApplication.java:303)
	at app//org.springframework.boot.test.context.SpringBootContextLoader.loadContext(SpringBootContextLoader.java:144)
	at app//org.springframework.test.context.cache.DefaultCacheAwareContextLoaderDelegate.loadContextInternal(DefaultCacheAwareContextLoaderDelegate.java:99)
	at app//org.springframework.test.context.cache.DefaultCacheAwareContextLoaderDelegate.loadContext(DefaultCacheAwareContextLoaderDelegate.java:124)
	... 85 more
Caused by: org.springframework.beans.factory.NoSuchBeanDefinitionException: No qualifying bean of type 'petPeople.pet.config.auth.AuthFilterContainer' available: expected at least 1 bean which qualifies as autowire candidate. Dependency annotations: {}
	at app//org.springframework.beans.factory.support.DefaultListableBeanFactory.raiseNoMatchingBeanFound(DefaultListableBeanFactory.java:1799)
	at app//org.springframework.beans.factory.support.DefaultListableBeanFactory.doResolveDependency(DefaultListableBeanFactory.java:1355)
	at app//org.springframework.beans.factory.support.DefaultListableBeanFactory.resolveDependency(DefaultListableBeanFactory.java:1309)
	at app//org.springframework.beans.factory.support.ConstructorResolver.resolveAutowiredArgument(ConstructorResolver.java:887)
	at app//org.springframework.beans.factory.support.ConstructorResolver.createArgumentArray(ConstructorResolver.java:791)
	... 103 more
</failure>
  </testcase>
  <system-out><![CDATA[2022-06-26 16:51:45.570  INFO 20368 --- [    Test worker] .b.t.c.SpringBootTestContextBootstrapper : Neither @ContextConfiguration nor @ContextHierarchy found for test class [petPeople.pet.domain.meeting.repository.MeetingCustomRepositoryImplTest], using SpringBootContextLoader
2022-06-26 16:51:45.572  INFO 20368 --- [    Test worker] o.s.t.c.support.AbstractContextLoader    : Could not detect default resource locations for test class [petPeople.pet.domain.meeting.repository.MeetingCustomRepositoryImplTest]: no resource found for suffixes {-context.xml, Context.groovy}.
2022-06-26 16:51:45.572  INFO 20368 --- [    Test worker] t.c.s.AnnotationConfigContextLoaderUtils : Could not detect default configuration classes for test class [petPeople.pet.domain.meeting.repository.MeetingCustomRepositoryImplTest]: MeetingCustomRepositoryImplTest does not declare any static, non-private, non-final, nested classes annotated with @Configuration.
2022-06-26 16:51:45.618  INFO 20368 --- [    Test worker] .b.t.c.SpringBootTestContextBootstrapper : Found @SpringBootConfiguration petPeople.pet.PetApplication for test class petPeople.pet.domain.meeting.repository.MeetingCustomRepositoryImplTest
2022-06-26 16:51:45.624  INFO 20368 --- [    Test worker] .b.t.c.SpringBootTestContextBootstrapper : Loaded default TestExecutionListener class names from location [META-INF/spring.factories]: [org.springframework.security.test.context.support.WithSecurityContextTestExecutionListener, org.springframework.security.test.context.support.ReactorContextTestExecutionListener, org.springframework.boot.test.autoconfigure.restdocs.RestDocsTestExecutionListener, org.springframework.boot.test.autoconfigure.web.client.MockRestServiceServerResetTestExecutionListener, org.springframework.boot.test.autoconfigure.web.servlet.MockMvcPrintOnlyOnFailureTestExecutionListener, org.springframework.boot.test.autoconfigure.web.servlet.WebDriverTestExecutionListener, org.springframework.boot.test.autoconfigure.webservices.client.MockWebServiceServerTestExecutionListener, org.springframework.boot.test.mock.mockito.MockitoTestExecutionListener, org.springframework.boot.test.mock.mockito.ResetMocksTestExecutionListener, org.springframework.test.context.web.ServletTestExecutionListener, org.springframework.test.context.support.DirtiesContextBeforeModesTestExecutionListener, org.springframework.test.context.event.ApplicationEventsTestExecutionListener, org.springframework.test.context.support.DependencyInjectionTestExecutionListener, org.springframework.test.context.support.DirtiesContextTestExecutionListener, org.springframework.test.context.transaction.TransactionalTestExecutionListener, org.springframework.test.context.jdbc.SqlScriptsTestExecutionListener, org.springframework.test.context.event.EventPublishingTestExecutionListener]
2022-06-26 16:51:45.626  INFO 20368 --- [    Test worker] .b.t.c.SpringBootTestContextBootstrapper : Using TestExecutionListeners: [org.springframework.test.context.web.ServletTestExecutionListener@20ee660b, org.springframework.test.context.support.DirtiesContextBeforeModesTestExecutionListener@40e41f88, org.springframework.test.context.event.ApplicationEventsTestExecutionListener@27b7913, org.springframework.boot.test.mock.mockito.MockitoTestExecutionListener@4d86f330, org.springframework.boot.test.autoconfigure.SpringBootDependencyInjectionTestExecutionListener@1e8b0ab5, org.springframework.test.context.support.DirtiesContextTestExecutionListener@7ef34eb3, org.springframework.test.context.transaction.TransactionalTestExecutionListener@2719139f, org.springframework.test.context.jdbc.SqlScriptsTestExecutionListener@5dfc7b3f, org.springframework.security.test.context.support.WithSecurityContextTestExecutionListener@1b641c97, org.springframework.test.context.event.EventPublishingTestExecutionListener@7f065f9e, org.springframework.security.test.context.support.ReactorContextTestExecutionListener@106c3e0a, org.springframework.boot.test.autoconfigure.restdocs.RestDocsTestExecutionListener@2e778abb, org.springframework.boot.test.autoconfigure.web.client.MockRestServiceServerResetTestExecutionListener@154cbb46, org.springframework.boot.test.autoconfigure.web.servlet.MockMvcPrintOnlyOnFailureTestExecutionListener@58fbecde, org.springframework.boot.test.autoconfigure.web.servlet.WebDriverTestExecutionListener@299615a5, org.springframework.boot.test.autoconfigure.webservices.client.MockWebServiceServerTestExecutionListener@3ba6707e, org.springframework.boot.test.mock.mockito.ResetMocksTestExecutionListener@4b407ac7]

  .   ____          _            __ _ _
 /\\ / ___'_ __ _ _(_)_ __  __ _ \ \ \ \
( ( )\___ | '_ | '_| | '_ \/ _` | \ \ \ \
 \\/  ___)| |_)| | | | | || (_| |  ) ) ) )
  '  |____| .__|_| |_|_| |_\__, | / / / /
 =========|_|==============|___/=/_/_/_/
 :: Spring Boot ::                (v2.6.7)

2022-06-26 16:51:45.715  INFO 20368 --- [    Test worker] .p.d.m.r.MeetingCustomRepositoryImplTest : Starting MeetingCustomRepositoryImplTest using Java 11.0.9 on DESKTOP-F55RK1N with PID 20368 (started by ksw in D:\springStudy\pet)
2022-06-26 16:51:45.716  INFO 20368 --- [    Test worker] .p.d.m.r.MeetingCustomRepositoryImplTest : No active profile set, falling back to 1 default profile: "default"
2022-06-26 16:51:46.500  INFO 20368 --- [    Test worker] .s.d.r.c.RepositoryConfigurationDelegate : Bootstrapping Spring Data JPA repositories in DEFAULT mode.
2022-06-26 16:51:46.829  INFO 20368 --- [    Test worker] .s.d.r.c.RepositoryConfigurationDelegate : Finished Spring Data repository scanning in 328 ms. Found 17 JPA repository interfaces.
2022-06-26 16:51:47.413  INFO 20368 --- [    Test worker] com.zaxxer.hikari.HikariDataSource       : HikariPool-2 - Starting...
2022-06-26 16:51:47.417  INFO 20368 --- [    Test worker] com.zaxxer.hikari.HikariDataSource       : HikariPool-2 - Start completed.
2022-06-26 16:51:47.492  INFO 20368 --- [    Test worker] o.hibernate.jpa.internal.util.LogHelper  : HHH000204: Processing PersistenceUnitInfo [name: default]
2022-06-26 16:51:47.514  INFO 20368 --- [    Test worker] org.hibernate.dialect.Dialect            : HHH000400: Using dialect: org.hibernate.dialect.H2Dialect
2022-06-26 16:51:47.814  INFO 20368 --- [    Test worker] p6spy                                    : #1656229907814 | took 0ms | statement | connection 7| url jdbc:h2:mem:0dc47d82-774b-453c-a34d-473e4a8ac956
drop table if exists comment CASCADE 
drop table if exists comment CASCADE ;
2022-06-26 16:51:47.814  INFO 20368 --- [    Test worker] p6spy                                    : #1656229907814 | took 0ms | statement | connection 7| url jdbc:h2:mem:0dc47d82-774b-453c-a34d-473e4a8ac956
drop table if exists comment_like CASCADE 
drop table if exists comment_like CASCADE ;
2022-06-26 16:51:47.815  INFO 20368 --- [    Test worker] p6spy                                    : #1656229907815 | took 0ms | statement | connection 7| url jdbc:h2:mem:0dc47d82-774b-453c-a34d-473e4a8ac956
drop table if exists meeting CASCADE 
drop table if exists meeting CASCADE ;
2022-06-26 16:51:47.815  INFO 20368 --- [    Test worker] p6spy                                    : #1656229907815 | took 0ms | statement | connection 7| url jdbc:h2:mem:0dc47d82-774b-453c-a34d-473e4a8ac956
drop table if exists meeting_comment CASCADE 
drop table if exists meeting_comment CASCADE ;
2022-06-26 16:51:47.816  INFO 20368 --- [    Test worker] p6spy                                    : #1656229907816 | took 0ms | statement | connection 7| url jdbc:h2:mem:0dc47d82-774b-453c-a34d-473e4a8ac956
drop table if exists meeting_comment_like CASCADE 
drop table if exists meeting_comment_like CASCADE ;
2022-06-26 16:51:47.816  INFO 20368 --- [    Test worker] p6spy                                    : #1656229907816 | took 0ms | statement | connection 7| url jdbc:h2:mem:0dc47d82-774b-453c-a34d-473e4a8ac956
drop table if exists meeting_image CASCADE 
drop table if exists meeting_image CASCADE ;
2022-06-26 16:51:47.817  INFO 20368 --- [    Test worker] p6spy                                    : #1656229907817 | took 0ms | statement | connection 7| url jdbc:h2:mem:0dc47d82-774b-453c-a34d-473e4a8ac956
drop table if exists meeting_member CASCADE 
drop table if exists meeting_member CASCADE ;
2022-06-26 16:51:47.817  INFO 20368 --- [    Test worker] p6spy                                    : #1656229907817 | took 0ms | statement | connection 7| url jdbc:h2:mem:0dc47d82-774b-453c-a34d-473e4a8ac956
drop table if exists meeting_post CASCADE 
drop table if exists meeting_post CASCADE ;
2022-06-26 16:51:47.818  INFO 20368 --- [    Test worker] p6spy                                    : #1656229907818 | took 0ms | statement | connection 7| url jdbc:h2:mem:0dc47d82-774b-453c-a34d-473e4a8ac956
drop table if exists meeting_post_image CASCADE 
drop table if exists meeting_post_image CASCADE ;
2022-06-26 16:51:47.818  INFO 20368 --- [    Test worker] p6spy                                    : #1656229907818 | took 0ms | statement | connection 7| url jdbc:h2:mem:0dc47d82-774b-453c-a34d-473e4a8ac956
drop table if exists meeting_post_like CASCADE 
drop table if exists meeting_post_like CASCADE ;
2022-06-26 16:51:47.819  INFO 20368 --- [    Test worker] p6spy                                    : #1656229907819 | took 0ms | statement | connection 7| url jdbc:h2:mem:0dc47d82-774b-453c-a34d-473e4a8ac956
drop table if exists meeting_waiting_member CASCADE 
drop table if exists meeting_waiting_member CASCADE ;
2022-06-26 16:51:47.820  INFO 20368 --- [    Test worker] p6spy                                    : #1656229907820 | took 0ms | statement | connection 7| url jdbc:h2:mem:0dc47d82-774b-453c-a34d-473e4a8ac956
drop table if exists member CASCADE 
drop table if exists member CASCADE ;
2022-06-26 16:51:47.820  INFO 20368 --- [    Test worker] p6spy                                    : #1656229907820 | took 0ms | statement | connection 7| url jdbc:h2:mem:0dc47d82-774b-453c-a34d-473e4a8ac956
drop table if exists notification CASCADE 
drop table if exists notification CASCADE ;
2022-06-26 16:51:47.821  INFO 20368 --- [    Test worker] p6spy                                    : #1656229907821 | took 0ms | statement | connection 7| url jdbc:h2:mem:0dc47d82-774b-453c-a34d-473e4a8ac956
drop table if exists post CASCADE 
drop table if exists post CASCADE ;
2022-06-26 16:51:47.821  INFO 20368 --- [    Test worker] p6spy                                    : #1656229907821 | took 0ms | statement | connection 7| url jdbc:h2:mem:0dc47d82-774b-453c-a34d-473e4a8ac956
drop table if exists post_bookmark CASCADE 
drop table if exists post_bookmark CASCADE ;
2022-06-26 16:51:47.822  INFO 20368 --- [    Test worker] p6spy                                    : #1656229907822 | took 0ms | statement | connection 7| url jdbc:h2:mem:0dc47d82-774b-453c-a34d-473e4a8ac956
drop table if exists post_image CASCADE 
drop table if exists post_image CASCADE ;
2022-06-26 16:51:47.822  INFO 20368 --- [    Test worker] p6spy                                    : #1656229907822 | took 0ms | statement | connection 7| url jdbc:h2:mem:0dc47d82-774b-453c-a34d-473e4a8ac956
drop table if exists post_like CASCADE 
drop table if exists post_like CASCADE ;
2022-06-26 16:51:47.823  INFO 20368 --- [    Test worker] p6spy                                    : #1656229907823 | took 0ms | statement | connection 7| url jdbc:h2:mem:0dc47d82-774b-453c-a34d-473e4a8ac956
drop table if exists tag CASCADE 
drop table if exists tag CASCADE ;
2022-06-26 16:51:47.824  INFO 20368 --- [    Test worker] p6spy                                    : #1656229907824 | took 0ms | statement | connection 7| url jdbc:h2:mem:0dc47d82-774b-453c-a34d-473e4a8ac956
drop sequence if exists hibernate_sequence
drop sequence if exists hibernate_sequence;
2022-06-26 16:51:47.825  INFO 20368 --- [    Test worker] p6spy                                    : #1656229907825 | took 0ms | statement | connection 8| url jdbc:h2:mem:0dc47d82-774b-453c-a34d-473e4a8ac956
create sequence hibernate_sequence start with 1 increment by 1
create sequence hibernate_sequence start with 1 increment by 1;
2022-06-26 16:51:47.828  INFO 20368 --- [    Test worker] p6spy                                    : #1656229907828 | took 2ms | statement | connection 8| url jdbc:h2:mem:0dc47d82-774b-453c-a34d-473e4a8ac956
create table comment (comment_id bigint not null, created_date timestamp, last_modified_date timestamp, content clob, member_id bigint, parent_id bigint, post_id bigint, primary key (comment_id))
create table comment (comment_id bigint not null, created_date timestamp, last_modified_date timestamp, content clob, member_id bigint, parent_id bigint, post_id bigint, primary key (comment_id));
2022-06-26 16:51:47.830  INFO 20368 --- [    Test worker] p6spy                                    : #1656229907830 | took 1ms | statement | connection 8| url jdbc:h2:mem:0dc47d82-774b-453c-a34d-473e4a8ac956
create table comment_like (comment_like_id bigint not null, created_date timestamp, last_modified_date timestamp, comment_id bigint, member_id bigint, primary key (comment_like_id))
create table comment_like (comment_like_id bigint not null, created_date timestamp, last_modified_date timestamp, comment_id bigint, member_id bigint, primary key (comment_like_id));
2022-06-26 16:51:47.833  INFO 20368 --- [    Test worker] p6spy                                    : #1656229907833 | took 1ms | statement | connection 8| url jdbc:h2:mem:0dc47d82-774b-453c-a34d-473e4a8ac956
create table meeting (meeting_id bigint not null, created_date timestamp, last_modified_date timestamp, category varchar(255), conditions varchar(255), content varchar(255), do_name varchar(255), is_opened boolean, location varchar(255), max_people integer, meeting_date timestamp, meeting_type varchar(255), period varchar(255), sex varchar(255), sigungu varchar(255), title varchar(255), member_id bigint, primary key (meeting_id))
create table meeting (meeting_id bigint not null, created_date timestamp, last_modified_date timestamp, category varchar(255), conditions varchar(255), content varchar(255), do_name varchar(255), is_opened boolean, location varchar(255), max_people integer, meeting_date timestamp, meeting_type varchar(255), period varchar(255), sex varchar(255), sigungu varchar(255), title varchar(255), member_id bigint, primary key (meeting_id));
2022-06-26 16:51:47.835  INFO 20368 --- [    Test worker] p6spy                                    : #1656229907835 | took 1ms | statement | connection 8| url jdbc:h2:mem:0dc47d82-774b-453c-a34d-473e4a8ac956
create table meeting_comment (meeting_comment_id bigint not null, created_date timestamp, last_modified_date timestamp, content varchar(255), meeting_post_id bigint, member_id bigint, primary key (meeting_comment_id))
create table meeting_comment (meeting_comment_id bigint not null, created_date timestamp, last_modified_date timestamp, content varchar(255), meeting_post_id bigint, member_id bigint, primary key (meeting_comment_id));
2022-06-26 16:51:47.836  INFO 20368 --- [    Test worker] p6spy                                    : #1656229907836 | took 0ms | statement | connection 8| url jdbc:h2:mem:0dc47d82-774b-453c-a34d-473e4a8ac956
create table meeting_comment_like (meeting_comment_like_id bigint not null, meeting_comment_id bigint, member_id bigint, primary key (meeting_comment_like_id))
create table meeting_comment_like (meeting_comment_like_id bigint not null, meeting_comment_id bigint, member_id bigint, primary key (meeting_comment_like_id));
2022-06-26 16:51:47.838  INFO 20368 --- [    Test worker] p6spy                                    : #1656229907838 | took 1ms | statement | connection 8| url jdbc:h2:mem:0dc47d82-774b-453c-a34d-473e4a8ac956
create table meeting_image (meeting_image_id bigint not null, created_date timestamp, last_modified_date timestamp, img_url varchar(255), meeting_id bigint, primary key (meeting_image_id))
create table meeting_image (meeting_image_id bigint not null, created_date timestamp, last_modified_date timestamp, img_url varchar(255), meeting_id bigint, primary key (meeting_image_id));
2022-06-26 16:51:47.840  INFO 20368 --- [    Test worker] p6spy                                    : #1656229907840 | took 1ms | statement | connection 8| url jdbc:h2:mem:0dc47d82-774b-453c-a34d-473e4a8ac956
create table meeting_member (meeting_member_id bigint not null, created_date timestamp, last_modified_date timestamp, meeting_id bigint, member_id bigint, primary key (meeting_member_id))
create table meeting_member (meeting_member_id bigint not null, created_date timestamp, last_modified_date timestamp, meeting_id bigint, member_id bigint, primary key (meeting_member_id));
2022-06-26 16:51:47.842  INFO 20368 --- [    Test worker] p6spy                                    : #1656229907842 | took 1ms | statement | connection 8| url jdbc:h2:mem:0dc47d82-774b-453c-a34d-473e4a8ac956
create table meeting_post (meeting_post_id bigint not null, created_date timestamp, last_modified_date timestamp, content varchar(255), title varchar(255), meeting_id bigint, member_id bigint, primary key (meeting_post_id))
create table meeting_post (meeting_post_id bigint not null, created_date timestamp, last_modified_date timestamp, content varchar(255), title varchar(255), meeting_id bigint, member_id bigint, primary key (meeting_post_id));
2022-06-26 16:51:47.844  INFO 20368 --- [    Test worker] p6spy                                    : #1656229907844 | took 1ms | statement | connection 8| url jdbc:h2:mem:0dc47d82-774b-453c-a34d-473e4a8ac956
create table meeting_post_image (meeting_post_image_id bigint not null, created_date timestamp, last_modified_date timestamp, img_url varchar(255), meeting_post_id bigint, member_id bigint, primary key (meeting_post_image_id))
create table meeting_post_image (meeting_post_image_id bigint not null, created_date timestamp, last_modified_date timestamp, img_url varchar(255), meeting_post_id bigint, member_id bigint, primary key (meeting_post_image_id));
2022-06-26 16:51:47.846  INFO 20368 --- [    Test worker] p6spy                                    : #1656229907846 | took 1ms | statement | connection 8| url jdbc:h2:mem:0dc47d82-774b-453c-a34d-473e4a8ac956
create table meeting_post_like (meeting_post_like_id bigint not null, meeting_post_id bigint, member_id bigint, primary key (meeting_post_like_id))
create table meeting_post_like (meeting_post_like_id bigint not null, meeting_post_id bigint, member_id bigint, primary key (meeting_post_like_id));
2022-06-26 16:51:47.847  INFO 20368 --- [    Test worker] p6spy                                    : #1656229907847 | took 1ms | statement | connection 8| url jdbc:h2:mem:0dc47d82-774b-453c-a34d-473e4a8ac956
create table meeting_waiting_member (meeting_waiting_member_id bigint not null, created_date timestamp, last_modified_date timestamp, join_request_status varchar(255), meeting_id bigint, member_id bigint, primary key (meeting_waiting_member_id))
create table meeting_waiting_member (meeting_waiting_member_id bigint not null, created_date timestamp, last_modified_date timestamp, join_request_status varchar(255), meeting_id bigint, member_id bigint, primary key (meeting_waiting_member_id));
2022-06-26 16:51:47.849  INFO 20368 --- [    Test worker] p6spy                                    : #1656229907849 | took 1ms | statement | connection 8| url jdbc:h2:mem:0dc47d82-774b-453c-a34d-473e4a8ac956
create table member (member_id bigint not null, created_date timestamp, last_modified_date timestamp, email varchar(255), img_url varchar(255), introduce varchar(255), name varchar(255), nickname varchar(255), uid clob, primary key (member_id))
create table member (member_id bigint not null, created_date timestamp, last_modified_date timestamp, email varchar(255), img_url varchar(255), introduce varchar(255), name varchar(255), nickname varchar(255), uid clob, primary key (member_id));
2022-06-26 16:51:47.850  INFO 20368 --- [    Test worker] p6spy                                    : #1656229907850 | took 0ms | statement | connection 8| url jdbc:h2:mem:0dc47d82-774b-453c-a34d-473e4a8ac956
create table notification (notification_id bigint not null, created_date timestamp, last_modified_date timestamp, is_checked boolean not null, member_id bigint, owner_member_id bigint, primary key (notification_id))
create table notification (notification_id bigint not null, created_date timestamp, last_modified_date timestamp, is_checked boolean not null, member_id bigint, owner_member_id bigint, primary key (notification_id));
2022-06-26 16:51:47.852  INFO 20368 --- [    Test worker] p6spy                                    : #1656229907852 | took 1ms | statement | connection 8| url jdbc:h2:mem:0dc47d82-774b-453c-a34d-473e4a8ac956
create table post (post_id bigint not null, created_date timestamp, last_modified_date timestamp, content clob, member_id bigint, primary key (post_id))
create table post (post_id bigint not null, created_date timestamp, last_modified_date timestamp, content clob, member_id bigint, primary key (post_id));
2022-06-26 16:51:47.854  INFO 20368 --- [    Test worker] p6spy                                    : #1656229907854 | took 1ms | statement | connection 8| url jdbc:h2:mem:0dc47d82-774b-453c-a34d-473e4a8ac956
create table post_bookmark (post_bookmark_id bigint not null, member_id bigint, post_id bigint, primary key (post_bookmark_id))
create table post_bookmark (post_bookmark_id bigint not null, member_id bigint, post_id bigint, primary key (post_bookmark_id));
2022-06-26 16:51:47.856  INFO 20368 --- [    Test worker] p6spy                                    : #1656229907856 | took 1ms | statement | connection 8| url jdbc:h2:mem:0dc47d82-774b-453c-a34d-473e4a8ac956
create table post_image (post_image_id bigint not null, created_date timestamp, last_modified_date timestamp, img_url varchar(255), post_id bigint, primary key (post_image_id))
create table post_image (post_image_id bigint not null, created_date timestamp, last_modified_date timestamp, img_url varchar(255), post_id bigint, primary key (post_image_id));
2022-06-26 16:51:47.857  INFO 20368 --- [    Test worker] p6spy                                    : #1656229907857 | took 1ms | statement | connection 8| url jdbc:h2:mem:0dc47d82-774b-453c-a34d-473e4a8ac956
create table post_like (post_like_id bigint not null, created_date timestamp, last_modified_date timestamp, member_id bigint, post_id bigint, primary key (post_like_id))
create table post_like (post_like_id bigint not null, created_date timestamp, last_modified_date timestamp, member_id bigint, post_id bigint, primary key (post_like_id));
2022-06-26 16:51:47.859  INFO 20368 --- [    Test worker] p6spy                                    : #1656229907859 | took 1ms | statement | connection 8| url jdbc:h2:mem:0dc47d82-774b-453c-a34d-473e4a8ac956
create table tag (tag_id bigint not null, tag varchar(255), post_id bigint, primary key (tag_id))
create table tag (tag_id bigint not null, tag varchar(255), post_id bigint, primary key (tag_id));
2022-06-26 16:51:47.862  INFO 20368 --- [    Test worker] p6spy                                    : #1656229907862 | took 2ms | statement | connection 8| url jdbc:h2:mem:0dc47d82-774b-453c-a34d-473e4a8ac956
alter table comment add constraint FKmrrrpi513ssu63i2783jyiv9m foreign key (member_id) references member
alter table comment add constraint FKmrrrpi513ssu63i2783jyiv9m foreign key (member_id) references member;
2022-06-26 16:51:47.864  INFO 20368 --- [    Test worker] p6spy                                    : #1656229907864 | took 1ms | statement | connection 8| url jdbc:h2:mem:0dc47d82-774b-453c-a34d-473e4a8ac956
alter table comment add constraint FKde3rfu96lep00br5ov0mdieyt foreign key (parent_id) references comment
alter table comment add constraint FKde3rfu96lep00br5ov0mdieyt foreign key (parent_id) references comment;
2022-06-26 16:51:47.867  INFO 20368 --- [    Test worker] p6spy                                    : #1656229907867 | took 2ms | statement | connection 8| url jdbc:h2:mem:0dc47d82-774b-453c-a34d-473e4a8ac956
alter table comment add constraint FKs1slvnkuemjsq2kj4h3vhx7i1 foreign key (post_id) references post
alter table comment add constraint FKs1slvnkuemjsq2kj4h3vhx7i1 foreign key (post_id) references post;
2022-06-26 16:51:47.869  INFO 20368 --- [    Test worker] p6spy                                    : #1656229907869 | took 1ms | statement | connection 8| url jdbc:h2:mem:0dc47d82-774b-453c-a34d-473e4a8ac956
alter table comment_like add constraint FKqlv8phl1ibeh0efv4dbn3720p foreign key (comment_id) references comment
alter table comment_like add constraint FKqlv8phl1ibeh0efv4dbn3720p foreign key (comment_id) references comment;
2022-06-26 16:51:47.872  INFO 20368 --- [    Test worker] p6spy                                    : #1656229907872 | took 2ms | statement | connection 8| url jdbc:h2:mem:0dc47d82-774b-453c-a34d-473e4a8ac956
alter table comment_like add constraint FKjtrao5djvpcj49cxcmbenif3g foreign key (member_id) references member
alter table comment_like add constraint FKjtrao5djvpcj49cxcmbenif3g foreign key (member_id) references member;
2022-06-26 16:51:47.873  INFO 20368 --- [    Test worker] p6spy                                    : #1656229907873 | took 1ms | statement | connection 8| url jdbc:h2:mem:0dc47d82-774b-453c-a34d-473e4a8ac956
alter table meeting add constraint FKhn86a6pj9y1fmpm3u55fkcseg foreign key (member_id) references member
alter table meeting add constraint FKhn86a6pj9y1fmpm3u55fkcseg foreign key (member_id) references member;
2022-06-26 16:51:47.875  INFO 20368 --- [    Test worker] p6spy                                    : #1656229907875 | took 1ms | statement | connection 8| url jdbc:h2:mem:0dc47d82-774b-453c-a34d-473e4a8ac956
alter table meeting_comment add constraint FKqj8x1cxn3kfytj71bqw7rhwr5 foreign key (meeting_post_id) references meeting_post
alter table meeting_comment add constraint FKqj8x1cxn3kfytj71bqw7rhwr5 foreign key (meeting_post_id) references meeting_post;
2022-06-26 16:51:47.877  INFO 20368 --- [    Test worker] p6spy                                    : #1656229907877 | took 1ms | statement | connection 8| url jdbc:h2:mem:0dc47d82-774b-453c-a34d-473e4a8ac956
alter table meeting_comment add constraint FK1k0vx0l9gglxlrgsr5ka6duth foreign key (member_id) references member
alter table meeting_comment add constraint FK1k0vx0l9gglxlrgsr5ka6duth foreign key (member_id) references member;
2022-06-26 16:51:47.879  INFO 20368 --- [    Test worker] p6spy                                    : #1656229907879 | took 1ms | statement | connection 8| url jdbc:h2:mem:0dc47d82-774b-453c-a34d-473e4a8ac956
alter table meeting_comment_like add constraint FKy0w1xandluf2lu45qy6x9icr foreign key (meeting_comment_id) references meeting_comment
alter table meeting_comment_like add constraint FKy0w1xandluf2lu45qy6x9icr foreign key (meeting_comment_id) references meeting_comment;
2022-06-26 16:51:47.881  INFO 20368 --- [    Test worker] p6spy                                    : #1656229907881 | took 1ms | statement | connection 8| url jdbc:h2:mem:0dc47d82-774b-453c-a34d-473e4a8ac956
alter table meeting_comment_like add constraint FK8dt2aycctdbia9i2lx6k5jt74 foreign key (member_id) references member
alter table meeting_comment_like add constraint FK8dt2aycctdbia9i2lx6k5jt74 foreign key (member_id) references member;
2022-06-26 16:51:47.882  INFO 20368 --- [    Test worker] p6spy                                    : #1656229907882 | took 1ms | statement | connection 8| url jdbc:h2:mem:0dc47d82-774b-453c-a34d-473e4a8ac956
alter table meeting_image add constraint FKlt0m3amdjs0xneq0tptu350tx foreign key (meeting_id) references meeting
alter table meeting_image add constraint FKlt0m3amdjs0xneq0tptu350tx foreign key (meeting_id) references meeting;
2022-06-26 16:51:47.883  INFO 20368 --- [    Test worker] p6spy                                    : #1656229907883 | took 1ms | statement | connection 8| url jdbc:h2:mem:0dc47d82-774b-453c-a34d-473e4a8ac956
alter table meeting_member add constraint FK5o8slagsdk5g0ilj43m1fkm0d foreign key (meeting_id) references meeting
alter table meeting_member add constraint FK5o8slagsdk5g0ilj43m1fkm0d foreign key (meeting_id) references meeting;
2022-06-26 16:51:47.886  INFO 20368 --- [    Test worker] p6spy                                    : #1656229907886 | took 2ms | statement | connection 8| url jdbc:h2:mem:0dc47d82-774b-453c-a34d-473e4a8ac956
alter table meeting_member add constraint FKvkkq2bos055dev77230o8sf6 foreign key (member_id) references member
alter table meeting_member add constraint FKvkkq2bos055dev77230o8sf6 foreign key (member_id) references member;
2022-06-26 16:51:47.888  INFO 20368 --- [    Test worker] p6spy                                    : #1656229907888 | took 1ms | statement | connection 8| url jdbc:h2:mem:0dc47d82-774b-453c-a34d-473e4a8ac956
alter table meeting_post add constraint FK3e79bgf3dbdcb0qncbkjh0655 foreign key (meeting_id) references meeting
alter table meeting_post add constraint FK3e79bgf3dbdcb0qncbkjh0655 foreign key (meeting_id) references meeting;
2022-06-26 16:51:47.890  INFO 20368 --- [    Test worker] p6spy                                    : #1656229907890 | took 1ms | statement | connection 8| url jdbc:h2:mem:0dc47d82-774b-453c-a34d-473e4a8ac956
alter table meeting_post add constraint FKfho6y369i8xei9rr5tvwm11ds foreign key (member_id) references member
alter table meeting_post add constraint FKfho6y369i8xei9rr5tvwm11ds foreign key (member_id) references member;
2022-06-26 16:51:47.892  INFO 20368 --- [    Test worker] p6spy                                    : #1656229907892 | took 1ms | statement | connection 8| url jdbc:h2:mem:0dc47d82-774b-453c-a34d-473e4a8ac956
alter table meeting_post_image add constraint FKshckofvml8x83hmygs4k5org7 foreign key (meeting_post_id) references meeting_post
alter table meeting_post_image add constraint FKshckofvml8x83hmygs4k5org7 foreign key (meeting_post_id) references meeting_post;
2022-06-26 16:51:47.893  INFO 20368 --- [    Test worker] p6spy                                    : #1656229907893 | took 1ms | statement | connection 8| url jdbc:h2:mem:0dc47d82-774b-453c-a34d-473e4a8ac956
alter table meeting_post_image add constraint FK7malk9ke8vsl7jq3mr7wo78p2 foreign key (member_id) references member
alter table meeting_post_image add constraint FK7malk9ke8vsl7jq3mr7wo78p2 foreign key (member_id) references member;
2022-06-26 16:51:47.895  INFO 20368 --- [    Test worker] p6spy                                    : #1656229907895 | took 1ms | statement | connection 8| url jdbc:h2:mem:0dc47d82-774b-453c-a34d-473e4a8ac956
alter table meeting_post_like add constraint FKt0pbhh2e8cs51h8li205s910l foreign key (meeting_post_id) references meeting_post
alter table meeting_post_like add constraint FKt0pbhh2e8cs51h8li205s910l foreign key (meeting_post_id) references meeting_post;
2022-06-26 16:51:47.897  INFO 20368 --- [    Test worker] p6spy                                    : #1656229907897 | took 1ms | statement | connection 8| url jdbc:h2:mem:0dc47d82-774b-453c-a34d-473e4a8ac956
alter table meeting_post_like add constraint FKj77v139y4y23xey0cglay3x13 foreign key (member_id) references member
alter table meeting_post_like add constraint FKj77v139y4y23xey0cglay3x13 foreign key (member_id) references member;
2022-06-26 16:51:47.899  INFO 20368 --- [    Test worker] p6spy                                    : #1656229907899 | took 1ms | statement | connection 8| url jdbc:h2:mem:0dc47d82-774b-453c-a34d-473e4a8ac956
alter table meeting_waiting_member add constraint FKi68478atu64gbh5qwxvw91ron foreign key (meeting_id) references meeting
alter table meeting_waiting_member add constraint FKi68478atu64gbh5qwxvw91ron foreign key (meeting_id) references meeting;
2022-06-26 16:51:47.901  INFO 20368 --- [    Test worker] p6spy                                    : #1656229907901 | took 1ms | statement | connection 8| url jdbc:h2:mem:0dc47d82-774b-453c-a34d-473e4a8ac956
alter table meeting_waiting_member add constraint FKc340amdg7vdm98uda96qkx104 foreign key (member_id) references member
alter table meeting_waiting_member add constraint FKc340amdg7vdm98uda96qkx104 foreign key (member_id) references member;
2022-06-26 16:51:47.902  INFO 20368 --- [    Test worker] p6spy                                    : #1656229907902 | took 1ms | statement | connection 8| url jdbc:h2:mem:0dc47d82-774b-453c-a34d-473e4a8ac956
alter table notification add constraint FK1xep8o2ge7if6diclyyx53v4q foreign key (member_id) references member
alter table notification add constraint FK1xep8o2ge7if6diclyyx53v4q foreign key (member_id) references member;
2022-06-26 16:51:47.904  INFO 20368 --- [    Test worker] p6spy                                    : #1656229907904 | took 1ms | statement | connection 8| url jdbc:h2:mem:0dc47d82-774b-453c-a34d-473e4a8ac956
alter table notification add constraint FK9f1j7b3uoc0nx9efr2jrw7777 foreign key (owner_member_id) references member
alter table notification add constraint FK9f1j7b3uoc0nx9efr2jrw7777 foreign key (owner_member_id) references member;
2022-06-26 16:51:47.905  INFO 20368 --- [    Test worker] p6spy                                    : #1656229907905 | took 1ms | statement | connection 8| url jdbc:h2:mem:0dc47d82-774b-453c-a34d-473e4a8ac956
alter table post add constraint FK83s99f4kx8oiqm3ro0sasmpww foreign key (member_id) references member
alter table post add constraint FK83s99f4kx8oiqm3ro0sasmpww foreign key (member_id) references member;
2022-06-26 16:51:47.907  INFO 20368 --- [    Test worker] p6spy                                    : #1656229907907 | took 1ms | statement | connection 8| url jdbc:h2:mem:0dc47d82-774b-453c-a34d-473e4a8ac956
alter table post_bookmark add constraint FK4dxog7p2mca875nnham77fc4i foreign key (member_id) references member
alter table post_bookmark add constraint FK4dxog7p2mca875nnham77fc4i foreign key (member_id) references member;
2022-06-26 16:51:47.909  INFO 20368 --- [    Test worker] p6spy                                    : #1656229907909 | took 1ms | statement | connection 8| url jdbc:h2:mem:0dc47d82-774b-453c-a34d-473e4a8ac956
alter table post_bookmark add constraint FK54fow49m6pckmpe1v1to861d1 foreign key (post_id) references post
alter table post_bookmark add constraint FK54fow49m6pckmpe1v1to861d1 foreign key (post_id) references post;
2022-06-26 16:51:47.911  INFO 20368 --- [    Test worker] p6spy                                    : #1656229907911 | took 2ms | statement | connection 8| url jdbc:h2:mem:0dc47d82-774b-453c-a34d-473e4a8ac956
alter table post_image add constraint FKsip7qv57jw2fw50g97t16nrjr foreign key (post_id) references post
alter table post_image add constraint FKsip7qv57jw2fw50g97t16nrjr foreign key (post_id) references post;
2022-06-26 16:51:47.914  INFO 20368 --- [    Test worker] p6spy                                    : #1656229907914 | took 1ms | statement | connection 8| url jdbc:h2:mem:0dc47d82-774b-453c-a34d-473e4a8ac956
alter table post_like add constraint FKqjxwr6kkv6pw2e4pwy4yktxyk foreign key (member_id) references member
alter table post_like add constraint FKqjxwr6kkv6pw2e4pwy4yktxyk foreign key (member_id) references member;
2022-06-26 16:51:47.916  INFO 20368 --- [    Test worker] p6spy                                    : #1656229907916 | took 1ms | statement | connection 8| url jdbc:h2:mem:0dc47d82-774b-453c-a34d-473e4a8ac956
alter table post_like add constraint FKj7iy0k7n3d0vkh8o7ibjna884 foreign key (post_id) references post
alter table post_like add constraint FKj7iy0k7n3d0vkh8o7ibjna884 foreign key (post_id) references post;
2022-06-26 16:51:47.918  INFO 20368 --- [    Test worker] p6spy                                    : #1656229907918 | took 2ms | statement | connection 8| url jdbc:h2:mem:0dc47d82-774b-453c-a34d-473e4a8ac956
alter table tag add constraint FK7tk5hi5tl1txftyn44dtq2mv6 foreign key (post_id) references post
alter table tag add constraint FK7tk5hi5tl1txftyn44dtq2mv6 foreign key (post_id) references post;
2022-06-26 16:51:47.921  INFO 20368 --- [    Test worker] o.h.e.t.j.p.i.JtaPlatformInitiator       : HHH000490: Using JtaPlatform implementation: [org.hibernate.engine.transaction.jta.platform.internal.NoJtaPlatform]
2022-06-26 16:51:47.922  INFO 20368 --- [    Test worker] j.LocalContainerEntityManagerFactoryBean : Initialized JPA EntityManagerFactory for persistence unit 'default'
2022-06-26 16:51:47.955  WARN 20368 --- [    Test worker] o.s.w.c.s.GenericWebApplicationContext   : Exception encountered during context initialization - cancelling refresh attempt: org.springframework.beans.factory.UnsatisfiedDependencyException: Error creating bean with name 'securityConfig' defined in file [D:\springStudy\pet\build\classes\java\main\petPeople\pet\config\SecurityConfig.class]: Unsatisfied dependency expressed through constructor parameter 0; nested exception is org.springframework.beans.factory.NoSuchBeanDefinitionException: No qualifying bean of type 'petPeople.pet.config.auth.AuthFilterContainer' available: expected at least 1 bean which qualifies as autowire candidate. Dependency annotations: {}
2022-06-26 16:51:47.955  INFO 20368 --- [    Test worker] j.LocalContainerEntityManagerFactoryBean : Closing JPA EntityManagerFactory for persistence unit 'default'
2022-06-26 16:51:47.956  INFO 20368 --- [    Test worker] .SchemaDropperImpl$DelayedDropActionImpl : HHH000477: Starting delayed evictData of schema as part of SessionFactory shut-down'
2022-06-26 16:51:47.959  INFO 20368 --- [    Test worker] p6spy                                    : #1656229907959 | took 2ms | statement | connection 9| url jdbc:h2:mem:0dc47d82-774b-453c-a34d-473e4a8ac956
drop table if exists comment CASCADE 
drop table if exists comment CASCADE ;
2022-06-26 16:51:47.963  INFO 20368 --- [    Test worker] p6spy                                    : #1656229907963 | took 3ms | statement | connection 9| url jdbc:h2:mem:0dc47d82-774b-453c-a34d-473e4a8ac956
drop table if exists comment_like CASCADE 
drop table if exists comment_like CASCADE ;
2022-06-26 16:51:47.967  INFO 20368 --- [    Test worker] p6spy                                    : #1656229907967 | took 3ms | statement | connection 9| url jdbc:h2:mem:0dc47d82-774b-453c-a34d-473e4a8ac956
drop table if exists meeting CASCADE 
drop table if exists meeting CASCADE ;
2022-06-26 16:51:47.972  INFO 20368 --- [    Test worker] p6spy                                    : #1656229907972 | took 4ms | statement | connection 9| url jdbc:h2:mem:0dc47d82-774b-453c-a34d-473e4a8ac956
drop table if exists meeting_comment CASCADE 
drop table if exists meeting_comment CASCADE ;
2022-06-26 16:51:47.973  INFO 20368 --- [    Test worker] p6spy                                    : #1656229907973 | took 0ms | statement | connection 9| url jdbc:h2:mem:0dc47d82-774b-453c-a34d-473e4a8ac956
drop table if exists meeting_comment_like CASCADE 
drop table if exists meeting_comment_like CASCADE ;
2022-06-26 16:51:47.974  INFO 20368 --- [    Test worker] p6spy                                    : #1656229907974 | took 0ms | statement | connection 9| url jdbc:h2:mem:0dc47d82-774b-453c-a34d-473e4a8ac956
drop table if exists meeting_image CASCADE 
drop table if exists meeting_image CASCADE ;
2022-06-26 16:51:47.975  INFO 20368 --- [    Test worker] p6spy                                    : #1656229907975 | took 0ms | statement | connection 9| url jdbc:h2:mem:0dc47d82-774b-453c-a34d-473e4a8ac956
drop table if exists meeting_member CASCADE 
drop table if exists meeting_member CASCADE ;
2022-06-26 16:51:47.976  INFO 20368 --- [    Test worker] p6spy                                    : #1656229907976 | took 0ms | statement | connection 9| url jdbc:h2:mem:0dc47d82-774b-453c-a34d-473e4a8ac956
drop table if exists meeting_post CASCADE 
drop table if exists meeting_post CASCADE ;
2022-06-26 16:51:47.978  INFO 20368 --- [    Test worker] p6spy                                    : #1656229907978 | took 0ms | statement | connection 9| url jdbc:h2:mem:0dc47d82-774b-453c-a34d-473e4a8ac956
drop table if exists meeting_post_image CASCADE 
drop table if exists meeting_post_image CASCADE ;
2022-06-26 16:51:47.979  INFO 20368 --- [    Test worker] p6spy                                    : #1656229907979 | took 0ms | statement | connection 9| url jdbc:h2:mem:0dc47d82-774b-453c-a34d-473e4a8ac956
drop table if exists meeting_post_like CASCADE 
drop table if exists meeting_post_like CASCADE ;
2022-06-26 16:51:47.983  INFO 20368 --- [    Test worker] p6spy                                    : #1656229907983 | took 3ms | statement | connection 9| url jdbc:h2:mem:0dc47d82-774b-453c-a34d-473e4a8ac956
drop table if exists meeting_waiting_member CASCADE 
drop table if exists meeting_waiting_member CASCADE ;
2022-06-26 16:51:47.986  INFO 20368 --- [    Test worker] p6spy                                    : #1656229907986 | took 2ms | statement | connection 9| url jdbc:h2:mem:0dc47d82-774b-453c-a34d-473e4a8ac956
drop table if exists member CASCADE 
drop table if exists member CASCADE ;
2022-06-26 16:51:47.987  INFO 20368 --- [    Test worker] p6spy                                    : #1656229907987 | took 0ms | statement | connection 9| url jdbc:h2:mem:0dc47d82-774b-453c-a34d-473e4a8ac956
drop table if exists notification CASCADE 
drop table if exists notification CASCADE ;
2022-06-26 16:51:47.988  INFO 20368 --- [    Test worker] p6spy                                    : #1656229907988 | took 1ms | statement | connection 9| url jdbc:h2:mem:0dc47d82-774b-453c-a34d-473e4a8ac956
drop table if exists post CASCADE 
drop table if exists post CASCADE ;
2022-06-26 16:51:47.989  INFO 20368 --- [    Test worker] p6spy                                    : #1656229907989 | took 0ms | statement | connection 9| url jdbc:h2:mem:0dc47d82-774b-453c-a34d-473e4a8ac956
drop table if exists post_bookmark CASCADE 
drop table if exists post_bookmark CASCADE ;
2022-06-26 16:51:47.990  INFO 20368 --- [    Test worker] p6spy                                    : #1656229907990 | took 0ms | statement | connection 9| url jdbc:h2:mem:0dc47d82-774b-453c-a34d-473e4a8ac956
drop table if exists post_image CASCADE 
drop table if exists post_image CASCADE ;
2022-06-26 16:51:47.990  INFO 20368 --- [    Test worker] p6spy                                    : #1656229907990 | took 0ms | statement | connection 9| url jdbc:h2:mem:0dc47d82-774b-453c-a34d-473e4a8ac956
drop table if exists post_like CASCADE 
drop table if exists post_like CASCADE ;
2022-06-26 16:51:47.991  INFO 20368 --- [    Test worker] p6spy                                    : #1656229907991 | took 0ms | statement | connection 9| url jdbc:h2:mem:0dc47d82-774b-453c-a34d-473e4a8ac956
drop table if exists tag CASCADE 
drop table if exists tag CASCADE ;
2022-06-26 16:51:47.992  INFO 20368 --- [    Test worker] p6spy                                    : #1656229907992 | took 0ms | statement | connection 9| url jdbc:h2:mem:0dc47d82-774b-453c-a34d-473e4a8ac956
drop sequence if exists hibernate_sequence
drop sequence if exists hibernate_sequence;
2022-06-26 16:51:47.992  INFO 20368 --- [    Test worker] com.zaxxer.hikari.HikariDataSource       : HikariPool-2 - Shutdown initiated...
2022-06-26 16:51:47.999  INFO 20368 --- [    Test worker] com.zaxxer.hikari.HikariDataSource       : HikariPool-2 - Shutdown completed.
2022-06-26 16:51:48.005  INFO 20368 --- [    Test worker] ConditionEvaluationReportLoggingListener : 

Error starting ApplicationContext. To display the conditions report re-run your application with 'debug' enabled.
2022-06-26 16:51:48.009 ERROR 20368 --- [    Test worker] o.s.b.d.LoggingFailureAnalysisReporter   : 

***************************
APPLICATION FAILED TO START
***************************

Description:

Parameter 0 of constructor in petPeople.pet.config.SecurityConfig required a bean of type 'petPeople.pet.config.auth.AuthFilterContainer' that could not be found.


Action:

Consider defining a bean of type 'petPeople.pet.config.auth.AuthFilterContainer' in your configuration.

2022-06-26 16:51:48.022 ERROR 20368 --- [    Test worker] o.s.test.context.TestContextManager      : Caught exception while allowing TestExecutionListener [org.springframework.test.context.web.ServletTestExecutionListener@20ee660b] to prepare test instance [petPeople.pet.domain.meeting.repository.MeetingCustomRepositoryImplTest@460a4935]

java.lang.IllegalStateException: Failed to load ApplicationContext
	at org.springframework.test.context.cache.DefaultCacheAwareContextLoaderDelegate.loadContext(DefaultCacheAwareContextLoaderDelegate.java:132) ~[spring-test-5.3.19.jar:5.3.19]
	at org.springframework.test.context.support.DefaultTestContext.getApplicationContext(DefaultTestContext.java:124) ~[spring-test-5.3.19.jar:5.3.19]
	at org.springframework.test.context.web.ServletTestExecutionListener.setUpRequestContextIfNecessary(ServletTestExecutionListener.java:190) ~[spring-test-5.3.19.jar:5.3.19]
	at org.springframework.test.context.web.ServletTestExecutionListener.prepareTestInstance(ServletTestExecutionListener.java:132) ~[spring-test-5.3.19.jar:5.3.19]
	at org.springframework.test.context.TestContextManager.prepareTestInstance(TestContextManager.java:248) ~[spring-test-5.3.19.jar:5.3.19]
	at org.springframework.test.context.junit.jupiter.SpringExtension.postProcessTestInstance(SpringExtension.java:138) ~[spring-test-5.3.19.jar:5.3.19]
	at org.junit.jupiter.engine.descriptor.ClassBasedTestDescriptor.lambda$invokeTestInstancePostProcessors$8(ClassBasedTestDescriptor.java:363) ~[junit-jupiter-engine-5.8.2.jar:5.8.2]
	at org.junit.jupiter.engine.descriptor.ClassBasedTestDescriptor.executeAndMaskThrowable(ClassBasedTestDescriptor.java:368) ~[junit-jupiter-engine-5.8.2.jar:5.8.2]
	at org.junit.jupiter.engine.descriptor.ClassBasedTestDescriptor.lambda$invokeTestInstancePostProcessors$9(ClassBasedTestDescriptor.java:363) ~[junit-jupiter-engine-5.8.2.jar:5.8.2]
	at java.base/java.util.stream.ReferencePipeline$3$1.accept(ReferencePipeline.java:195) ~[na:na]
	at java.base/java.util.stream.ReferencePipeline$2$1.accept(ReferencePipeline.java:177) ~[na:na]
	at java.base/java.util.ArrayList$ArrayListSpliterator.forEachRemaining(ArrayList.java:1655) ~[na:na]
	at java.base/java.util.stream.AbstractPipeline.copyInto(AbstractPipeline.java:484) ~[na:na]
	at java.base/java.util.stream.AbstractPipeline.wrapAndCopyInto(AbstractPipeline.java:474) ~[na:na]
	at java.base/java.util.stream.StreamSpliterators$WrappingSpliterator.forEachRemaining(StreamSpliterators.java:312) ~[na:na]
	at java.base/java.util.stream.Streams$ConcatSpliterator.forEachRemaining(Streams.java:735) ~[na:na]
	at java.base/java.util.stream.Streams$ConcatSpliterator.forEachRemaining(Streams.java:734) ~[na:na]
	at java.base/java.util.stream.ReferencePipeline$Head.forEach(ReferencePipeline.java:658) ~[na:na]
	at org.junit.jupiter.engine.descriptor.ClassBasedTestDescriptor.invokeTestInstancePostProcessors(ClassBasedTestDescriptor.java:362) ~[junit-jupiter-engine-5.8.2.jar:5.8.2]
	at org.junit.jupiter.engine.descriptor.ClassBasedTestDescriptor.lambda$instantiateAndPostProcessTestInstance$6(ClassBasedTestDescriptor.java:283) ~[junit-jupiter-engine-5.8.2.jar:5.8.2]
	at org.junit.platform.engine.support.hierarchical.ThrowableCollector.execute(ThrowableCollector.java:73) ~[junit-platform-engine-1.8.2.jar:1.8.2]
	at org.junit.jupiter.engine.descriptor.ClassBasedTestDescriptor.instantiateAndPostProcessTestInstance(ClassBasedTestDescriptor.java:282) ~[junit-jupiter-engine-5.8.2.jar:5.8.2]
	at org.junit.jupiter.engine.descriptor.ClassBasedTestDescriptor.lambda$testInstancesProvider$4(ClassBasedTestDescriptor.java:272) ~[junit-jupiter-engine-5.8.2.jar:5.8.2]
	at java.base/java.util.Optional.orElseGet(Optional.java:369) ~[na:na]
	at org.junit.jupiter.engine.descriptor.ClassBasedTestDescriptor.lambda$testInstancesProvider$5(ClassBasedTestDescriptor.java:271) ~[junit-jupiter-engine-5.8.2.jar:5.8.2]
	at org.junit.jupiter.engine.execution.TestInstancesProvider.getTestInstances(TestInstancesProvider.java:31) ~[junit-jupiter-engine-5.8.2.jar:5.8.2]
	at org.junit.jupiter.engine.descriptor.TestMethodTestDescriptor.lambda$prepare$0(TestMethodTestDescriptor.java:102) ~[junit-jupiter-engine-5.8.2.jar:5.8.2]
	at org.junit.platform.engine.support.hierarchical.ThrowableCollector.execute(ThrowableCollector.java:73) ~[junit-platform-engine-1.8.2.jar:1.8.2]
	at org.junit.jupiter.engine.descriptor.TestMethodTestDescriptor.prepare(TestMethodTestDescriptor.java:101) ~[junit-jupiter-engine-5.8.2.jar:5.8.2]
	at org.junit.jupiter.engine.descriptor.TestMethodTestDescriptor.prepare(TestMethodTestDescriptor.java:66) ~[junit-jupiter-engine-5.8.2.jar:5.8.2]
	at org.junit.platform.engine.support.hierarchical.NodeTestTask.lambda$prepare$2(NodeTestTask.java:123) ~[junit-platform-engine-1.8.2.jar:1.8.2]
	at org.junit.platform.engine.support.hierarchical.ThrowableCollector.execute(ThrowableCollector.java:73) ~[junit-platform-engine-1.8.2.jar:1.8.2]
	at org.junit.platform.engine.support.hierarchical.NodeTestTask.prepare(NodeTestTask.java:123) ~[junit-platform-engine-1.8.2.jar:1.8.2]
	at org.junit.platform.engine.support.hierarchical.NodeTestTask.execute(NodeTestTask.java:90) ~[junit-platform-engine-1.8.2.jar:1.8.2]
	at java.base/java.util.ArrayList.forEach(ArrayList.java:1541) ~[na:na]
	at org.junit.platform.engine.support.hierarchical.SameThreadHierarchicalTestExecutorService.invokeAll(SameThreadHierarchicalTestExecutorService.java:41) ~[junit-platform-engine-1.8.2.jar:1.8.2]
	at org.junit.platform.engine.support.hierarchical.NodeTestTask.lambda$executeRecursively$6(NodeTestTask.java:155) ~[junit-platform-engine-1.8.2.jar:1.8.2]
	at org.junit.platform.engine.support.hierarchical.ThrowableCollector.execute(ThrowableCollector.java:73) ~[junit-platform-engine-1.8.2.jar:1.8.2]
	at org.junit.platform.engine.support.hierarchical.NodeTestTask.lambda$executeRecursively$8(NodeTestTask.java:141) ~[junit-platform-engine-1.8.2.jar:1.8.2]
	at org.junit.platform.engine.support.hierarchical.Node.around(Node.java:137) ~[junit-platform-engine-1.8.2.jar:1.8.2]
	at org.junit.platform.engine.support.hierarchical.NodeTestTask.lambda$executeRecursively$9(NodeTestTask.java:139) ~[junit-platform-engine-1.8.2.jar:1.8.2]
	at org.junit.platform.engine.support.hierarchical.ThrowableCollector.execute(ThrowableCollector.java:73) ~[junit-platform-engine-1.8.2.jar:1.8.2]
	at org.junit.platform.engine.support.hierarchical.NodeTestTask.executeRecursively(NodeTestTask.java:138) ~[junit-platform-engine-1.8.2.jar:1.8.2]
	at org.junit.platform.engine.support.hierarchical.NodeTestTask.execute(NodeTestTask.java:95) ~[junit-platform-engine-1.8.2.jar:1.8.2]
	at java.base/java.util.ArrayList.forEach(ArrayList.java:1541) ~[na:na]
	at org.junit.platform.engine.support.hierarchical.SameThreadHierarchicalTestExecutorService.invokeAll(SameThreadHierarchicalTestExecutorService.java:41) ~[junit-platform-engine-1.8.2.jar:1.8.2]
	at org.junit.platform.engine.support.hierarchical.NodeTestTask.lambda$executeRecursively$6(NodeTestTask.java:155) ~[junit-platform-engine-1.8.2.jar:1.8.2]
	at org.junit.platform.engine.support.hierarchical.ThrowableCollector.execute(ThrowableCollector.java:73) ~[junit-platform-engine-1.8.2.jar:1.8.2]
	at org.junit.platform.engine.support.hierarchical.NodeTestTask.lambda$executeRecursively$8(NodeTestTask.java:141) ~[junit-platform-engine-1.8.2.jar:1.8.2]
	at org.junit.platform.engine.support.hierarchical.Node.around(Node.java:137) ~[junit-platform-engine-1.8.2.jar:1.8.2]
	at org.junit.platform.engine.support.hierarchical.NodeTestTask.lambda$executeRecursively$9(NodeTestTask.java:139) ~[junit-platform-engine-1.8.2.jar:1.8.2]
	at org.junit.platform.engine.support.hierarchical.ThrowableCollector.execute(ThrowableCollector.java:73) ~[junit-platform-engine-1.8.2.jar:1.8.2]
	at org.junit.platform.engine.support.hierarchical.NodeTestTask.executeRecursively(NodeTestTask.java:138) ~[junit-platform-engine-1.8.2.jar:1.8.2]
	at org.junit.platform.engine.support.hierarchical.NodeTestTask.execute(NodeTestTask.java:95) ~[junit-platform-engine-1.8.2.jar:1.8.2]
	at org.junit.platform.engine.support.hierarchical.SameThreadHierarchicalTestExecutorService.submit(SameThreadHierarchicalTestExecutorService.java:35) ~[junit-platform-engine-1.8.2.jar:1.8.2]
	at org.junit.platform.engine.support.hierarchical.HierarchicalTestExecutor.execute(HierarchicalTestExecutor.java:57) ~[junit-platform-engine-1.8.2.jar:1.8.2]
	at org.junit.platform.engine.support.hierarchical.HierarchicalTestEngine.execute(HierarchicalTestEngine.java:54) ~[junit-platform-engine-1.8.2.jar:1.8.2]
	at org.junit.platform.launcher.core.EngineExecutionOrchestrator.execute(EngineExecutionOrchestrator.java:108) ~[na:na]
	at org.junit.platform.launcher.core.EngineExecutionOrchestrator.execute(EngineExecutionOrchestrator.java:88) ~[na:na]
	at org.junit.platform.launcher.core.EngineExecutionOrchestrator.lambda$execute$0(EngineExecutionOrchestrator.java:54) ~[na:na]
	at org.junit.platform.launcher.core.EngineExecutionOrchestrator.withInterceptedStreams(EngineExecutionOrchestrator.java:67) ~[na:na]
	at org.junit.platform.launcher.core.EngineExecutionOrchestrator.execute(EngineExecutionOrchestrator.java:52) ~[na:na]
	at org.junit.platform.launcher.core.DefaultLauncher.execute(DefaultLauncher.java:96) ~[na:na]
	at org.junit.platform.launcher.core.DefaultLauncher.execute(DefaultLauncher.java:75) ~[na:na]
	at org.gradle.api.internal.tasks.testing.junitplatform.JUnitPlatformTestClassProcessor$CollectAllTestClassesExecutor.processAllTestClasses(JUnitPlatformTestClassProcessor.java:99) ~[na:na]
	at org.gradle.api.internal.tasks.testing.junitplatform.JUnitPlatformTestClassProcessor$CollectAllTestClassesExecutor.access$000(JUnitPlatformTestClassProcessor.java:79) ~[na:na]
	at org.gradle.api.internal.tasks.testing.junitplatform.JUnitPlatformTestClassProcessor.stop(JUnitPlatformTestClassProcessor.java:75) ~[na:na]
	at org.gradle.api.internal.tasks.testing.SuiteTestClassProcessor.stop(SuiteTestClassProcessor.java:61) ~[na:na]
	at java.base/jdk.internal.reflect.NativeMethodAccessorImpl.invoke0(Native Method) ~[na:na]
	at java.base/jdk.internal.reflect.NativeMethodAccessorImpl.invoke(NativeMethodAccessorImpl.java:62) ~[na:na]
	at java.base/jdk.internal.reflect.DelegatingMethodAccessorImpl.invoke(DelegatingMethodAccessorImpl.java:43) ~[na:na]
	at java.base/java.lang.reflect.Method.invoke(Method.java:566) ~[na:na]
	at org.gradle.internal.dispatch.ReflectionDispatch.dispatch(ReflectionDispatch.java:36) ~[na:na]
	at org.gradle.internal.dispatch.ReflectionDispatch.dispatch(ReflectionDispatch.java:24) ~[na:na]
	at org.gradle.internal.dispatch.ContextClassLoaderDispatch.dispatch(ContextClassLoaderDispatch.java:33) ~[na:na]
	at org.gradle.internal.dispatch.ProxyDispatchAdapter$DispatchingInvocationHandler.invoke(ProxyDispatchAdapter.java:94) ~[na:na]
	at com.sun.proxy.$Proxy2.stop(Unknown Source) ~[na:na]
	at org.gradle.api.internal.tasks.testing.worker.TestWorker$3.run(TestWorker.java:193) ~[na:na]
	at org.gradle.api.internal.tasks.testing.worker.TestWorker.executeAndMaintainThreadName(TestWorker.java:129) ~[na:na]
	at org.gradle.api.internal.tasks.testing.worker.TestWorker.execute(TestWorker.java:100) ~[na:na]
	at org.gradle.api.internal.tasks.testing.worker.TestWorker.execute(TestWorker.java:60) ~[na:na]
	at org.gradle.process.internal.worker.child.ActionExecutionWorker.execute(ActionExecutionWorker.java:56) ~[na:na]
	at org.gradle.process.internal.worker.child.SystemApplicationClassLoaderWorker.call(SystemApplicationClassLoaderWorker.java:133) ~[na:na]
	at org.gradle.process.internal.worker.child.SystemApplicationClassLoaderWorker.call(SystemApplicationClassLoaderWorker.java:71) ~[na:na]
	at worker.org.gradle.process.internal.worker.GradleWorkerMain.run(GradleWorkerMain.java:69) ~[gradle-worker.jar:na]
	at worker.org.gradle.process.internal.worker.GradleWorkerMain.main(GradleWorkerMain.java:74) ~[gradle-worker.jar:na]
Caused by: org.springframework.beans.factory.UnsatisfiedDependencyException: Error creating bean with name 'securityConfig' defined in file [D:\springStudy\pet\build\classes\java\main\petPeople\pet\config\SecurityConfig.class]: Unsatisfied dependency expressed through constructor parameter 0; nested exception is org.springframework.beans.factory.NoSuchBeanDefinitionException: No qualifying bean of type 'petPeople.pet.config.auth.AuthFilterContainer' available: expected at least 1 bean which qualifies as autowire candidate. Dependency annotations: {}
	at org.springframework.beans.factory.support.ConstructorResolver.createArgumentArray(ConstructorResolver.java:800) ~[spring-beans-5.3.19.jar:5.3.19]
	at org.springframework.beans.factory.support.ConstructorResolver.autowireConstructor(ConstructorResolver.java:229) ~[spring-beans-5.3.19.jar:5.3.19]
	at org.springframework.beans.factory.support.AbstractAutowireCapableBeanFactory.autowireConstructor(AbstractAutowireCapableBeanFactory.java:1372) ~[spring-beans-5.3.19.jar:5.3.19]
	at org.springframework.beans.factory.support.AbstractAutowireCapableBeanFactory.createBeanInstance(AbstractAutowireCapableBeanFactory.java:1222) ~[spring-beans-5.3.19.jar:5.3.19]
	at org.springframework.beans.factory.support.AbstractAutowireCapableBeanFactory.doCreateBean(AbstractAutowireCapableBeanFactory.java:582) ~[spring-beans-5.3.19.jar:5.3.19]
	at org.springframework.beans.factory.support.AbstractAutowireCapableBeanFactory.createBean(AbstractAutowireCapableBeanFactory.java:542) ~[spring-beans-5.3.19.jar:5.3.19]
	at org.springframework.beans.factory.support.AbstractBeanFactory.lambda$doGetBean$0(AbstractBeanFactory.java:335) ~[spring-beans-5.3.19.jar:5.3.19]
	at org.springframework.beans.factory.support.DefaultSingletonBeanRegistry.getSingleton(DefaultSingletonBeanRegistry.java:234) ~[spring-beans-5.3.19.jar:5.3.19]
	at org.springframework.beans.factory.support.AbstractBeanFactory.doGetBean(AbstractBeanFactory.java:333) ~[spring-beans-5.3.19.jar:5.3.19]
	at org.springframework.beans.factory.support.AbstractBeanFactory.getBean(AbstractBeanFactory.java:208) ~[spring-beans-5.3.19.jar:5.3.19]
	at org.springframework.beans.factory.support.DefaultListableBeanFactory.preInstantiateSingletons(DefaultListableBeanFactory.java:953) ~[spring-beans-5.3.19.jar:5.3.19]
	at org.springframework.context.support.AbstractApplicationContext.finishBeanFactoryInitialization(AbstractApplicationContext.java:918) ~[spring-context-5.3.19.jar:5.3.19]
	at org.springframework.context.support.AbstractApplicationContext.refresh(AbstractApplicationContext.java:583) ~[spring-context-5.3.19.jar:5.3.19]
	at org.springframework.boot.SpringApplication.refresh(SpringApplication.java:740) ~[spring-boot-2.6.7.jar:2.6.7]
	at org.springframework.boot.SpringApplication.refreshContext(SpringApplication.java:415) ~[spring-boot-2.6.7.jar:2.6.7]
	at org.springframework.boot.SpringApplication.run(SpringApplication.java:303) ~[spring-boot-2.6.7.jar:2.6.7]
	at org.springframework.boot.test.context.SpringBootContextLoader.loadContext(SpringBootContextLoader.java:144) ~[spring-boot-test-2.6.7.jar:2.6.7]
	at org.springframework.test.context.cache.DefaultCacheAwareContextLoaderDelegate.loadContextInternal(DefaultCacheAwareContextLoaderDelegate.java:99) ~[spring-test-5.3.19.jar:5.3.19]
	at org.springframework.test.context.cache.DefaultCacheAwareContextLoaderDelegate.loadContext(DefaultCacheAwareContextLoaderDelegate.java:124) ~[spring-test-5.3.19.jar:5.3.19]
	... 85 common frames omitted
Caused by: org.springframework.beans.factory.NoSuchBeanDefinitionException: No qualifying bean of type 'petPeople.pet.config.auth.AuthFilterContainer' available: expected at least 1 bean which qualifies as autowire candidate. Dependency annotations: {}
	at org.springframework.beans.factory.support.DefaultListableBeanFactory.raiseNoMatchingBeanFound(DefaultListableBeanFactory.java:1799) ~[spring-beans-5.3.19.jar:5.3.19]
	at org.springframework.beans.factory.support.DefaultListableBeanFactory.doResolveDependency(DefaultListableBeanFactory.java:1355) ~[spring-beans-5.3.19.jar:5.3.19]
	at org.springframework.beans.factory.support.DefaultListableBeanFactory.resolveDependency(DefaultListableBeanFactory.java:1309) ~[spring-beans-5.3.19.jar:5.3.19]
	at org.springframework.beans.factory.support.ConstructorResolver.resolveAutowiredArgument(ConstructorResolver.java:887) ~[spring-beans-5.3.19.jar:5.3.19]
	at org.springframework.beans.factory.support.ConstructorResolver.createArgumentArray(ConstructorResolver.java:791) ~[spring-beans-5.3.19.jar:5.3.19]
	... 103 common frames omitted

]]></system-out>
  <system-err><![CDATA[]]></system-err>
</testsuite>
